<?xml version="1.0" encoding="UTF-8"?>
<testng-results ignored="0" total="1" passed="1" failed="0" skipped="0">
  <reporter-output>
  </reporter-output>
  <suite started-at="2025-01-14T22:48:56 IST" name="Default suite" finished-at="2025-01-14T22:50:58 IST" duration-ms="122020">
    <groups>
    </groups>
    <test started-at="2025-01-14T22:48:56 IST" name="Default test" finished-at="2025-01-14T22:50:58 IST" duration-ms="122020">
      <class name="sensibull.Trade_Test">
        <test-method is-config="true" signature="launchapp()[pri:0, instance:sensibull.Trade_Test@762ef0ea]" started-at="2025-01-14T22:48:56 IST" name="launchapp" finished-at="2025-01-14T22:49:01 IST" duration-ms="5297" status="PASS">
          <reporter-output>
          </reporter-output>
        </test-method> <!-- launchapp -->
        <test-method signature="automate_atTheMoney()[pri:0, instance:sensibull.Trade_Test@762ef0ea]" started-at="2025-01-14T22:49:01 IST" name="automate_atTheMoney" finished-at="2025-01-14T22:50:58 IST" duration-ms="116678" status="PASS">
          <reporter-output>
          </reporter-output>
        </test-method> <!-- automate_atTheMoney -->
      </class> <!-- sensibull.Trade_Test -->
    </test> <!-- Default test -->
  </suite> <!-- Default suite -->
</testng-results>
