<?xml version="1.0" encoding="UTF-8"?>
<testng-results ignored="0" total="1" passed="1" failed="0" skipped="0">
  <reporter-output>
  </reporter-output>
  <suite started-at="2024-11-26T11:45:31 IST" name="Default suite" finished-at="2024-11-26T11:46:34 IST" duration-ms="62328">
    <groups>
    </groups>
    <test started-at="2024-11-26T11:45:31 IST" name="Default test" finished-at="2024-11-26T11:46:34 IST" duration-ms="62328">
      <class name="sensibull.Trade_Test">
        <test-method is-config="true" signature="launchapp()[pri:0, instance:sensibull.Trade_Test@37271612]" started-at="2024-11-26T11:45:31 IST" name="launchapp" finished-at="2024-11-26T11:45:35 IST" duration-ms="3784" status="PASS">
          <reporter-output>
          </reporter-output>
        </test-method> <!-- launchapp -->
        <test-method signature="automate_atTheMoney()[pri:0, instance:sensibull.Trade_Test@37271612]" started-at="2024-11-26T11:45:35 IST" name="automate_atTheMoney" finished-at="2024-11-26T11:46:34 IST" duration-ms="58503" status="PASS">
          <reporter-output>
          </reporter-output>
        </test-method> <!-- automate_atTheMoney -->
      </class> <!-- sensibull.Trade_Test -->
    </test> <!-- Default test -->
  </suite> <!-- Default suite -->
</testng-results>
